2015-07-09 21:56:47,311 - __main__ - INFO - Nx init with [{'kw': '\xe8\x82\xa1\xe6\x8c\x87', 'name': 'gz'}, {'kw': '600556', 'name': 'hq'}, {'kw': '600666', 'name': 'xnyy'}, {'kw': '002186', 'name': 'qjd'}]
2015-07-09 21:57:05,964 - __main__ - INFO - Nx init with [{'kw': '\xe8\x82\xa1\xe6\x8c\x87', 'name': 'gz'}, {'kw': '600556', 'name': 'hq'}, {'kw': '600666', 'name': 'xnyy'}, {'kw': '002186', 'name': 'qjd'}]
2015-07-09 21:57:27,883 - __main__ - INFO - Nx init with [{'kw': '\xe8\x82\xa1\xe6\x8c\x87', 'name': 'gz'}, {'kw': '600556', 'name': 'hq'}, {'kw': '600666', 'name': 'xnyy'}, {'kw': '002186', 'name': 'qjd'}]
2015-07-09 21:59:02,329 - __main__ - INFO - Nx init with [{'kw': '\xe8\x82\xa1\xe6\x8c\x87', 'name': 'gz'}, {'kw': '600556', 'name': 'hq'}, {'kw': '600666', 'name': 'xnyy'}, {'kw': '002186', 'name': 'qjd'}]
2015-07-09 22:03:44,695 - __main__ - INFO - Nx init with [{'kw': '\xe8\x82\xa1\xe6\x8c\x87', 'name': 'gz'}, {'kw': '600556', 'name': 'hq'}, {'kw': '600666', 'name': 'xnyy'}, {'kw': '002186', 'name': 'qjd'}]
2015-07-09 22:04:35,315 - __main__ - INFO - Nx init with [{'kw': '\xe8\x82\xa1\xe6\x8c\x87', 'name': 'gz'}, {'kw': '600556', 'name': 'hq'}, {'kw': '600666', 'name': 'xnyy'}, {'kw': '002186', 'name': 'qjd'}]
2015-07-09 22:15:03,380 - __main__ - INFO - Nx init with [{'kw': '\xe8\x82\xa1\xe6\x8c\x87', 'name': 'gz'}, {'kw': '600556', 'name': 'hq'}, {'kw': '600666', 'name': 'xnyy'}, {'kw': '002186', 'name': 'qjd'}]
2015-07-09 22:15:21,527 - Nx - INFO - Nx init with [{'kw': '\xe8\x82\xa1\xe6\x8c\x87', 'name': 'gz'}, {'kw': '600556', 'name': 'hq'}, {'kw': '600666', 'name': 'xnyy'}, {'kw': '002186', 'name': 'qjd'}]
2015-07-09 22:15:58,132 - Nx - INFO - Nx init with [{'kw': '\xe8\x82\xa1\xe6\x8c\x87', 'name': 'gz'}, {'kw': '600556', 'name': 'hq'}, {'kw': '600666', 'name': 'xnyy'}, {'kw': '002186', 'name': 'qjd'}]
2015-07-09 22:16:22,025 - Nx - INFO - Nx init with [{'kw': '\xe8\x82\xa1\xe6\x8c\x87', 'name': 'gz'}, {'kw': '600556', 'name': 'hq'}, {'kw': '600666', 'name': 'xnyy'}, {'kw': '002186', 'name': 'qjd'}]
2015-07-11 20:33:08,102 - NxSina - INFO - NxSina init with [{'kw': '\xe8\x82\xa1\xe6\x8c\x87', 'name': 'gz'}, {'kw': '600556', 'name': 'hq'}, {'kw': '600666', 'name': 'xnyy'}, {'kw': '002186', 'name': 'qjd'}]
2015-07-11 20:37:26,448 - NxSina - INFO - NxSina init with [{'kw': '\xe8\x82\xa1\xe6\x8c\x87', 'name': 'gz'}, {'kw': '600556', 'name': 'hq'}, {'kw': '600666', 'name': 'xnyy'}, {'kw': '002186', 'name': 'qjd'}]
2015-07-11 20:40:53,263 - NxSina - INFO - NxSina init with [{'kw': '000001', 'name': 'gz'}, {'kw': '600556', 'name': 'hq'}, {'kw': '600666', 'name': 'xnyy'}, {'kw': '002186', 'name': 'qjd'}]
2015-07-12 21:05:50,107 - NxSina - INFO - NxSina init with [{'kw': '000001', 'name': 'gz'}, {'kw': '600556', 'name': 'hq'}, {'kw': '600666', 'name': 'xnyy'}, {'kw': '002186', 'name': 'qjd'}]
2015-07-12 21:06:52,950 - NxSina - INFO - NxSina init with [{'kw': '000001', 'name': 'gz'}, {'kw': '600556', 'name': 'hq'}, {'kw': '600666', 'name': 'xnyy'}, {'kw': '002186', 'name': 'qjd'}]
2015-07-12 21:07:31,756 - NxSina - INFO - NxSina init with [{'kw': '600556', 'name': 'hq'}, {'kw': '600666', 'name': 'xnyy'}, {'kw': '002186', 'name': 'qjd'}]
2015-07-12 21:10:27,067 - NxSina - INFO - NxSina init with [{'kw': '000001', 'name': 'gz'}, {'kw': '600556', 'name': 'hq'}, {'kw': '600666', 'name': 'xnyy'}, {'prefix': 'sz', 'kw': '002186', 'name': 'qjd'}]
2015-07-12 21:10:57,605 - NxSina - INFO - NxSina init with [{'kw': '000001', 'name': 'gz'}, {'kw': '600556', 'name': 'hq'}, {'kw': '600666', 'name': 'xnyy'}, {'prefix': 'sz', 'kw': '002186', 'name': 'qjd'}]
2015-07-12 21:11:02,974 - NxSina - INFO - NxSina init with [{'kw': '000001', 'name': 'gz'}, {'kw': '600556', 'name': 'hq'}, {'kw': '600666', 'name': 'xnyy'}, {'prefix': 'sz', 'kw': '002186', 'name': 'qjd'}]
2015-07-12 21:11:18,655 - NxSina - INFO - NxSina init with [{'kw': '000001', 'name': 'gz'}, {'kw': '600556', 'name': 'hq'}, {'kw': '600666', 'name': 'xnyy'}, {'prefix': 'sz', 'kw': '002186', 'name': 'qjd'}]
2015-07-12 21:17:16,149 - NxSina - INFO - NxSina init with [{'kw': '000001', 'name': 'gz'}, {'kw': '600556', 'name': 'hq'}, {'kw': '600666', 'name': 'xnyy'}, {'prefix': 'sz', 'kw': '002186', 'name': 'qjd'}]
2015-07-12 21:24:57,187 - NxSina - INFO - NxSina init with [{'kw': '000001', 'name': 'gz'}, {'kw': '600556', 'name': 'hq'}, {'kw': '600666', 'name': 'xnyy'}, {'prefix': 'sz', 'kw': '002186', 'name': 'qjd'}]
2015-07-12 21:40:37,304 - NxSina - INFO - NxSina init with [{'kw': '000001', 'name': 'gz'}, {'kw': '600556', 'name': 'hq'}, {'kw': '600666', 'name': 'xnyy'}, {'prefix': 'sz', 'kw': '002186', 'name': 'qjd'}]
2015-07-12 21:40:48,860 - NxSina - INFO - NxSina init with [{'kw': '000001', 'name': 'gz'}, {'kw': '600556', 'name': 'hq'}, {'kw': '600666', 'name': 'xnyy'}, {'prefix': 'sz', 'kw': '002186', 'name': 'qjd'}]
2015-07-12 21:41:17,548 - NxSina - INFO - NxSina init with [{'kw': '000001', 'name': 'gz'}, {'kw': '600556', 'name': 'hq'}, {'kw': '600666', 'name': 'xnyy'}, {'prefix': 'sz', 'kw': '002186', 'name': 'qjd'}]
2015-07-12 21:42:01,937 - NxSina - INFO - NxSina init with [{'kw': '000001', 'name': 'gz'}, {'kw': '600556', 'name': 'hq'}, {'kw': '600666', 'name': 'xnyy'}, {'prefix': 'sz', 'kw': '002186', 'name': 'qjd'}]
2015-07-13 23:02:46,772 - NxSina - INFO - NxSina init with [{'kw': '000001', 'name': 'gz'}, {'kw': '600556', 'name': 'hq'}, {'kw': '600666', 'name': 'xnyy'}, {'prefix': 'sz', 'kw': '002186', 'name': 'qjd'}]
